2.253933208611974
2.631784165167546
2.9804010427093988
2.8310812472511984
2.538987709302914
2.6053459153107243
2.5787515577697193
2.5787515577697193
2.599998282683853
2.5194569411694583
2.6074704144125853
1.0768230535955867
1.200657779414271
1.2559002419175145
1.30930626450452
1.2168604001133132
1.304416420668665
1.0960577238757712
1.2827438934108901
1.6824224459790038
1.4095366440225734
1.0914471254704512
3.320234160106572
3.37090233197293
3.507129902450923
3.2350861514059
3.33769317967542
3.2453424466258003
3.2453424466258003
3.487823949777763
3.3489638282919687
3.360452053527755
3.441498929844789
1.7172861551436776
1.746121053887926
1.7911123248490657
1.8657670326937443
2.185537832645453
1.9253729134036517
1.9253556187496075
1.7399722365505654
1.7189333769287343
1.7189333769287343
1.8917531444698812
1.6861431765842045
1.612814434115203
1.6838596908407228
1.6599523175375646
1.9439392681259262
1.9439392681259262
1.7211797832435565
2.0817859070165032
1.8673365461230664
1.564829841053465
1.8185315397235682
2.6445188907229595
2.94575322019989
2.9819625016110565
3.244569366190766
3.070956780835734
3.006725474436066
3.3120220774700653
2.842198443054255
3.0676081196226863
2.8435424814080204
2.577609795099091
1.574343441616891
1.659977789090804
1.7574882307375015
1.8011102334591023
1.8801552185360804
2.176643651928067
1.8377092452514971
1.7517990703906505
1.6395929809415035
1.7578992263379711
1.617061233898339
2.3331793147506312
2.4194565287396768
2.5179755823425114
2.3201331492254207
2.416757357616502
2.591941170474135
2.593928499756789
2.7678210344114063
2.5045830292151456
2.4188123381694124
2.450586278946885
2.5002530360920563
2.5037358013603126
2.3724531407348497
2.377410640209932
2.2890745863251842
2.383761668827505
2.6151481859633274
2.497453695981382
2.5103610103183667
2.356514012772646
2.323027204994297
1.5281538735736455
1.5281538735736455
1.7424422647120525
2.0084922553235947
2.533485570628355
2.14009513220038
2.027378769651046
2.1170206679208365
1.7067751776924094
1.6046806085473402
1.74752341273095
1.77853303458391
2.1351411153633855
2.002220723428504
1.9841155308721345
2.2160763606966043
2.621344652676761
2.0340993542385077
2.066291873781909
2.260358769425307
2.379014349303175
2.3341852325328962
2.0000851127192534
1.9675321497557494
2.202166644304285
2.2096720454981127
2.073238401155855
1.9643495385333611
1.9643495385333611
2.0135703287985263
1.95118757064945
1.9564131011204424
2.402964368231145
2.132603943854771
2.825667493182678
2.761184031871319
2.6458033994286807
2.8874216601135334
2.634915649888047
2.563703004868169
2.5996395986559975
2.5750305747028377
2.6630670709790145
2.807416797299237
2.6494119619028393
1.8115994212621818
1.763405514914484
1.9424684888367147
1.8341504379539795
1.8731192959664338
1.91110521478417
1.905507975099345
1.9232690322551071
2.0155059971519274
2.0702549450713854
1.8166957833802793
1.9990380958436544
2.229997928203851
2.4817021000761166
2.4494733974389216
2.593411753782685
2.643331888050396
2.5149257382716117
2.013013717722112
2.0933156711983596
2.120657367127216
1.9795549689817284
1.2869651675585467
1.3528199559563048
1.2452690651929665
1.348493282184967
1.5893343083203768
1.3671024662201763
1.417226777762192
1.6757401799028826
1.4837928541517882
1.388522540282604
1.3055925531596289
2.040244501827835
2.153747478764096
1.8996909436613658
1.779197886443589
1.5153797961991138
1.5475346941896952
1.4971493754393348
1.6455480827567865
1.6100387844664368
1.7943773895759847
1.7136343435925891
0.9992999796791685
1.0534965525850641
1.2827604522804472
1.313961929768292
1.1139073970419604
1.2493906620613064
1.4346333539717153
0.9642072444528365
0.9558947182839778
0.9650329125358785
0.9764017396415584
1.5937775207660507
1.6122789567816422
1.7207166529288787
1.5925027406180197
1.8556348018341795
1.6853207878710097
1.5631277874836047
1.7460846689155167
1.550144701064361
1.7240313608747508
1.6842555052520924
2.432949811696683
3.222569302118167
3.0249600628309823
2.7849533008057326
2.4338408439623747
2.4223229834194138
2.475260677038586
2.6061880322044746
2.4483713253216033
2.6580462986298343
2.5882370976115303
2.2957513566633443
2.159075670891899
2.0403669271727614
2.0741645542200065
2.0678389669203296
2.0641587431726136
2.072578172316853
2.0555173126262107
2.139342723493607
2.056419117646552
2.035729969371926
2.389477613355126
2.5952681917686724
2.544556895314546
2.544556895314546
2.5467056667619805
2.7046519569866696
2.5239817731614793
2.8513449214521933
2.6655981657193553
2.4666328099940658
2.435367681335614
1.3194678298187383
1.2475883701285397
1.3215588853715505
1.0140624909150429
1.059981045171139
1.0194433304897588
1.0053544091011446
1.1260111236064165
1.1168509314387223
1.0788400232904272
1.1124764031478558
3.56827730107697
3.3672208328789104
3.3214187705335063
3.1643625010545144
3.2234593604308484
3.408479049222508
3.541267022496041
3.3821533251188085
3.3595459553481533
3.4946958676058912
3.945129398861665
2.6977820173013414
2.688139587925208
2.779688936205582
3.0079669833980733
3.1060034950588236
3.0283397463476383
2.7735034792156905
2.8150204349550707
2.635372328163489
2.5781443331176304
2.6285952212569446
1.5633257426779805
1.6485311289151787
1.4363198501197418
1.4697709882673407
1.4740039540371213
1.5092704619841795
1.4770297370336822
1.563551454836958
1.5146001955572335
1.423847269156898
1.4477634641439012
1.9641825764988232
1.9641825764988232
2.038377204155781
2.0922886617105703
1.8540611707239443
1.971100662018606
1.9236517771300148
1.87215604317352
1.9390340972391118
1.8628752909082726
2.018856648672072
1.6385857102543167
1.7253415776441208
1.6955753664480562
2.0076222761452063
1.7659259167173704
1.9715355735600284
1.9074285830673274
1.7949228964659834
1.8119123478204324
1.7341763450198109
1.6676996077080999
2.5090768641618952
2.5090768641618952
2.520330560113506
2.738497503715356
3.1302904230994364
2.983433973093164
2.2501512251012423
2.3066991903589793
2.32240269727267
2.3523353341952338
2.2683066422670444
1.5356617756147986
1.6067373588858358
1.629753423709475
1.5124336165188923
1.5688327555252017
1.6738255141751912
1.8324699269801386
1.773259058226531
1.8533070708165889
1.7785130182947908
1.7670336701778053
1.732623229485738
1.6681538921461299
1.7087443888322666
1.9412045249564354
1.997802010826631
1.8061787966707321
1.7952854292283131
1.935376820426913
1.9681178752451394
2.0516138976962526
2.042121554428309
2.3440893279428168
2.278383731020221
2.2771071073609566
2.3542332326816773
2.2817661662150797
2.7413915829051545
2.316715454132105
2.2947650784901192
2.4116106604762635
2.5054925663284426
2.4769430509565087
2.1406537105906636
2.215289322840466
2.0358021783825464
1.5752441112546043
1.7560188300846467
1.747511899278585
1.5806480159250802
1.7603369964405762
1.5681700902469213
1.6639294913296354
1.754847823013455
1.7042987974012964
1.7747915792207851
1.698128701848796
1.835213216208826
1.9049399909797649
1.8932588030976754
2.0062641118713507
2.0062641118713507
1.958296579282131
1.81095395749175
1.9306677819294973
1.9082143362675599
2.230572981389534
2.327518643378816
2.3815283029312035
2.1514370415457083
2.2545940133776865
1.9128842000261896
1.9268174559335765
1.9789909913712047
2.12621897236426
2.2405312517897245
2.4280615735348765
2.5167583540026337
2.5167583540026337
2.6413509676634814
2.6757830928528694
2.7174095359645665
3.0613423532275927
3.1125353698382754
2.7968973047370542
2.709733877570648
2.2773545904633195
1.829759678527309
2.036093456050704
1.993081099455554
1.9821232232543131
1.9690053848193616
1.914927556876768
1.8290505671424226
1.8438171659407736
1.903629085742269
1.8717926008008414
1.8845218651566187
1.973599406730069
2.105750890770109
1.578050744427538
1.7897960255346843
1.9118834316575546
2.0573970780746476
1.5870885788039732
1.3893285297488407
1.3322869116450797
1.526739995977625
1.4412397668318415
1.726559206525395
1.7366470556852183
1.7420311491965044
1.6732702491094462
1.6961332164047056
1.6832051837496926
1.7224974106551487
1.7183012058846394
1.8103661531805206
1.66188517981172
1.6941889769365879
2.806271683946872
2.8609545103196417
2.9988148723865407
3.442245032604912
3.228737944317383
3.125844901556003
2.9838193803821014
2.708125020368084
2.667942613448855
2.5578575361519
2.6250331178593154
1.552868858836163
2.042038310082892
1.731000781919026
1.5536577401755682
1.5106163039459093
1.4833648040022818
1.4833648040022818
1.6144971006157096
1.7139325317967733
1.660178899582974
1.5137656552014815
1.5336400028042523
1.4454768471705692
1.415793939406444
1.3528394377036206
1.3675394436009058
1.2522699602942946
1.2172027607753795
1.2642023993870335
1.2964380003549303
1.2839573297182383
1.2756491231601361
1.2527663445542394
1.5700166127302386
2.2454451738579855
1.9445273591939736
1.8448253598270032
1.9614681330642723
1.483159297524377
1.484494312673803
1.4066376341357356
1.4333408408022679
1.5657985047936716
1.5051380851681868
1.5977961544236976
1.5977961544236976
1.8789300521325216
1.555676532894231
1.9061673759883953
1.7430670263176309
1.569285041064661
1.7204820764057476
1.9452361100153313
1.9644131679572274
1.817441788695613
2.3345272952814797
2.3345272952814797
2.309590530113207
2.5772311172001294
2.5243783965148414
2.326852094519123
2.5555406996568433
2.294433202151645
2.3358077737339564
2.2997037555698006
2.344084797504082
2.863426417150971
2.749208594588139
2.91639943984622
3.0570483888202484
3.0570483888202484
3.116725418529944
3.1776335088707532
3.080609689784307
3.274167247355207
3.084378710271076
2.768474666219072
1.9571055749785238
2.092250133511671
2.07751217332085
2.3783359231297867
2.0456252853081773
1.9287813031848975
2.0796710476014173
2.0264018174171583
2.1105846328323556
2.3073251581656398
2.02172978286914
2.1026507761943445
2.0780830963996753
2.036351815097061
2.459564578270951
2.0457732524579253
2.0459781028545123
2.04350909030536
2.220985288696423
2.0667540045428368
2.0363080972441487
2.1700080480297035
1.881578706275617
2.038658828261651
1.7977762126373313
1.6588300650822458
1.7916561284709014
1.7969450715362858
1.8764332013484437
1.7324436116972814
1.7340910858163887
1.9442545833027856
1.6838678217787184
1.37814131290503
1.4077054849672117
1.4233581402434983
1.4721521449503443
1.428265459276279
1.482015391760641
1.423010032854763
1.4729184649961393
1.5344384965365678
1.512263414308147
1.55733351809622
1.8595620188162056
1.9296378062564852
1.7783805951240745
1.7649016618900415
1.8309235323829758
1.7182346518191314
1.741172515587414
1.7382963853007258
1.7854170224680914
1.7358701767124738
1.7789710107410739
2.048510695048096
2.345298544928239
2.721892913328057
2.1095129464396347
2.0307223375684766
2.0096158055845854
2.091310597022747
2.047243206785804
2.0763766295629975
2.0806747137179498
2.067009360501715
1.6115958588847281
1.8565664674195264
1.6957617532765463
1.6294200742771003
1.9463744106079846
1.9911951829125651
1.6471627185319868
1.7237041308470809
1.6682018506952128
1.6502975801859103
1.6116071958886364
2.235318059325355
2.5051257717524837
2.5051257717524837
2.8017078754243645
2.3640081157895967
2.657747352085327
2.534784692365401
2.250845280101931
2.2544799577499397
2.2199730253673664
2.237189827768872
2.7335964261161902
2.584308421409224
2.5657827023568434
2.5805030205537496
2.586419651649358
2.82503407796013
3.111751582776639
2.8086744944614512
2.5143315878918404
2.5143315878918404
2.4538300525333927
1.87591994063479
1.9717786878393273
2.2552867610819947
2.2552867610819947
1.8674666352589264
1.7805149647357597
1.8705148815825379
1.7960463384869716
1.8381975332545328
1.910179522001852
1.7742639125013973
2.1828514706620794
2.2491436078845752
2.4984021761305573
2.4817555324330263
2.5096154086206197
2.4650257541782894
2.4521149573993792
2.423138395740683
2.398743561053552
2.2224660373412406
2.107865743183102
1.6652804467448246
1.5797659359750909
1.7551876741160741
1.6222663905771175
1.7994820090860915
2.0834890998758158
2.1273347632301896
2.279841610499079
2.030476933464324
1.8724128973353058
1.8064821858351607
1.517017857965367
1.5548227817453601
1.7003573822148859
1.9136777061252948
1.88022382573977
1.8568552108936907
1.8609964573968965
1.4941871429657556
1.6031708968353764
1.8404716729215187
1.5543790779276476
1.7861700899950665
1.9506095883288967
1.5962788974854287
1.6753874604694627
1.6753874604694627
1.6292389083094374
1.7455553243671764
1.7318545336156579
1.6773898722527298
1.8075354974210336
1.8578690575078016
2.393201841055014
2.3627896776275072
2.235102027473413
2.2233076554812405
2.2233076554812405
2.6249506974163985
2.7301160264970163
2.3634724156718443
2.285749774718902
2.287053788520961
2.3087991537985495
1.0549966008510603
1.1249216522478203
1.104745204683756
1.2043131423286817
1.2129414673214187
1.1255879321187086
1.0765535477052974
1.2411053646292804
1.101455960408593
1.145940895350415
1.070139907149478
2.5113934738481007
2.5113934738481007
2.4421468348177933
2.323926275398246
2.593516519077829
2.59781768679302
2.495677068141681
2.4523041794317133
2.3876638046032044
2.4970496423166
2.4970496423166
1.1453254992321609
1.4369289511765986
1.4397418229234464
1.5309865906128255
1.502890847128397
1.24668846492527
1.396794914605819
1.0988388467482841
1.1035072061743627
1.0967277472611943
1.1233860970320073
1.5229431669759572
1.7047404712812941
1.5188853933976603
1.6188941900554903
1.5734731858945017
1.562104392149272
1.6839983362416924
1.8351520065022695
1.5456513909826792
1.7382988590540254
1.8370810061290423
2.2137943080814773
2.4772386250205147
2.2247267649898625
2.394012951664934
2.2194788863383508
2.4349216214562968
2.374577196890438
2.4300482066371987
2.2930836528600795
2.2533845809483886
2.2109057874117504
1.9505911083841438
1.607844115468595
1.8913683697988508
1.6863712455000193
1.9264430589989796
1.7246074640779316
1.682130976683804
1.6322033538693608
1.9151167457573943
2.0122938866597426
2.045390342703463
2.0025856262884933
1.9998773171143394
1.9105131852243085
2.07834853931779
1.9623705859211227
1.9103882341492302
1.9387853572757388
2.0150153962023327
2.0641730335830553
1.9377839457921215
1.9295894357450094
1.0467250597683833
1.094060032437815
1.2457434085152035
1.1367296641460067
1.0473862332950579
1.1175636999986878
1.0342273482412052
1.0878513063569213
1.0839440212251528
1.0393887803249644
1.0756957943082295
1.7431003937867418
1.702620281370629
1.6674921125121314
1.6934704518656638
2.0499152200740296
1.6742548124637349
1.9431082952604928
2.180438825820399
1.872123829276893
1.872123829276893
1.723500865774894
3.072523010346685
3.073354491079411
2.816530386588198
2.816530386588198
2.9636446561184524
2.928473270475343
2.879270812196639
3.1075523169299553
3.2996423639034753
3.005751576927422
2.855475839472898
1.9652471447730835
2.321784577971607
2.065747124901097
2.226139129114276
2.1740977291127574
1.9615333515255626
2.0576599162998566
2.2102354048369928
2.0793461887448474
2.220060174680538
1.9718757282150172
1.2422211695141627
1.4676276732398292
1.3903770170636136
1.4124015299438755
1.2491989048457808
1.2898403423155085
1.308271679292184
1.5311993309945529
1.5159440278416982
1.2805378443079873
1.2805649021960732
2.016251227619093
2.0095458873231484
2.0416625727777853
2.19607066902534
1.94912461863034
2.0433174899882873
1.9503741913866508
1.891986588878717
2.0723838870775375
2.0027925989604327
1.9324882021620884
3.633951744710818
3.6836976943769955
3.6591557535699843
3.8530728346282777
4.122827455710038
3.9337042418191275
3.873869414573668
3.7546266002076223
3.6896507790997166
3.9263002600791426
3.640797076285705
2.134534264141567
2.2615150933475263
2.562797881652194
2.475138427285509
2.2278478419120074
2.4645778468506476
2.4645778468506476
2.1942540064647997
2.0495610572365854
2.213930021177646
2.075346119492404
1.7699734406037337
1.723611249838308
2.0206625925308623
1.8912714190236388
2.203404777624665
1.9217383116155005
1.7009495988827101
1.7884581248900095
1.5545685252862793
1.5545685252862793
1.6024422206088216
1.6024422206088216
1.472659132874645
1.5136754658445282
1.4867137642071149
1.6728762072365342
1.8339142443262895
1.7288386316426514
1.484208155044319
1.5031165742987054
1.449085868948842
1.4661290142806662
1.4535078681964306
1.7488595315829663
1.857046201867358
1.7322761802636257
1.7955559720559762
1.688475278806553
1.689698298001893
1.6528527688666816
1.6280894956250391
1.9504368212074301
1.8189457690705657
1.9077541732339054
1.0704601208464544
1.1969617685892469
1.1701536949920222
1.1640993209589623
1.2263005122922608
1.1965189460516485
1.4092805333255307
1.2576660720746482
1.2844489888443977
1.4771371137520204
1.225609685309445
1.6063895878559395
1.6766754785738283
1.5861873543958152
1.6135186668513233
1.8208738750208633
2.066282725453303
2.121544735909963
1.839008418385093
1.831825587306973
1.7466279925390935
1.7242387549945388
2.0441492249980655
2.1293506594469442
1.9498069333684935
1.996315102699504
1.84943417140657
2.039025411552348
2.276061910287067
1.7623432097513316
1.9272813387792878
1.7744826933028053
1.8369421430756883
2.1816442415446855
2.614799566097576
2.437331124584293
2.2518874623213367
2.6100147460292566
2.3187984979488245
2.246535304039377
2.291557899367528
2.211166978057949
2.805986090319002
2.359504843939914
1.6582280680550798
1.742883787237207
1.842676511621027
1.773228546938128
1.6625854139937715
1.646624710558332
1.646624710558332
1.7009850126293358
1.710359969760809
1.93450981920053
1.6288149014397701
1.7867704993775069
2.1071575046132174
1.838610856863062
1.9042528264893497
2.3346375085592426
2.2778739840025706
2.2778739840025706
2.0167911823359495
1.898854375345362
1.8765073485987673
1.9748372838017683
1.9329524240917373
1.9149087208772984
1.8925303852266735
1.845830143217668
1.9033342163480225
2.077686846928706
1.8470743132013205
1.9234092234475337
1.8670657132820596
2.034789475136678
2.1491674123262343
2.8867001734081477
2.786370352353597
2.6940177081222734
2.83237150229328
2.892219346230997
2.6748439226150382
2.5820168173699805
2.5422497876131964
2.7267259506989667
2.537115736765406
2.5809917068247548
2.4014932224166103
2.4022347384606433
2.527983906355396
2.724989561954006
2.6711225578115476
2.6407017623653637
2.367473509801632
2.663099402219512
2.4075933846642266
2.664781006007747
2.4747808850131805
1.6056875969281095
1.9891112899244736
2.17951951761368
1.804709979154272
1.6528824372710875
1.9114251231584751
1.776857589492166
1.611521266016953
1.6386998828317183
1.7816785857574438
1.59574325221677
2.1957912361059635
2.2214276169734526
2.24931323650061
2.253890591591474
2.1562674997167988
2.138206188043822
2.3244104707311566
2.310217135270371
1.9418248727458676
2.0906324434650343
2.0105407292027735
1.6593812091289255
1.7905328813504298
1.7855532502579576
1.763877562495796
1.689833982585206
1.8731103392184616
2.008916781536064
1.8036834273476305
1.7908902321690574
1.8562162145741967
1.743402447491494
2.0003089183981246
1.9325569719128926
1.8793344039974036
2.0090265418185997
2.0422957191325546
1.9097452558075403
1.902247491565045
2.4425135470065835
2.2504733326734803
2.2498543182185315
1.928350470103461
1.5520230777495423
1.6491956946873485
1.6719763403993673
1.6571849456394636
1.8148347262734568
1.5818419000086847
1.5682807290375
1.717248632835741
1.717248632835741
1.8542424267948585
1.5673889056019272
1.709754594507739
1.6310273505964323
1.6188535416500052
1.6174749548377017
1.559854706537557
1.7521410661246803
1.6015630932589788
1.5563186121710157
1.6666421093224224
1.6723455186701743
1.853661774738414
2.0961072010395085
2.061687291524582
1.9491354653850446
2.0033465699063373
2.0853748528942444
2.060098765066218
1.954722943298591
2.0927927602308354
1.9696197329642757
2.1990923433367584
2.162345541352357
2.0063109614283205
2.0334259955210503
1.9829397383138094
1.991726574578272
2.1033160295912907
2.4267879694717696
2.4267879694717696
2.5631955906813872
2.449819311337011
2.72313898059307
2.249220391281015
1.7931087873576321
1.8422644148741552
2.1532951460634417
2.104590912588813
2.341926180899329
2.023919223793336
1.8570210011387136
1.9004530794817858
1.897882888589868
2.0297935155786853
1.8397726525427118
2.0866761830838945
2.337199615760219
2.50796511728889
2.50796511728889
2.1235557823099644
2.4129215477484713
2.1236854159613845
2.058598638719614
2.058598638719614
2.039491114148498
2.271338470048481
1.5240251414124288
1.8058509550550539
1.6591024884513152
1.7045018796189175
1.571650555288043
1.5242400251935417
1.5002213802701205
1.4928303400638556
1.5292713981841932
1.583310655649008
1.5821888211260888
2.1997609006382532
2.1666256051450086
2.8015645692622932
2.5101297624602052
2.540248487375677
2.511670165538454
2.5624167985416944
2.8620674733461042
2.656290632883235
2.342518638982703
2.370521713151486
